10-28 12:06 INFO     Model inception_v3 loaded and wrapped
10-28 12:06 INFO     
10-28 12:06 INFO     Dataset created

10-28 12:06 INFO     Start training model

10-28 12:07 INFO     [xla:2](    0) Moving average loss: 0.69024, metric: 0.69024
10-28 12:07 INFO     [xla:1](    0) Moving average loss: 0.67651, metric: 0.67651
10-28 12:07 INFO     [xla:6](    0) Moving average loss: 0.68603, metric: 0.68603
10-28 12:07 INFO     [xla:3](    0) Moving average loss: 0.68200, metric: 0.68200
10-28 12:07 INFO     [xla:8](    0) Moving average loss: 0.66011, metric: 0.66011
10-28 12:07 INFO     [xla:7](    0) Moving average loss: 0.67728, metric: 0.67728
10-28 12:07 INFO     [xla:4](    0) Moving average loss: 0.66229, metric: 0.66229
10-28 12:07 INFO     [xla:5](    0) Moving average loss: 0.66112, metric: 0.66112
10-28 12:18 INFO     [xla:7](  500) Moving average loss: 0.30216, metric: 0.30216
10-28 12:18 INFO     [xla:6](  500) Moving average loss: 0.30220, metric: 0.30220
10-28 12:18 INFO     [xla:2](  500) Moving average loss: 0.29645, metric: 0.29645
10-28 12:18 INFO     [xla:4](  500) Moving average loss: 0.29647, metric: 0.29647
10-28 12:18 INFO     [xla:5](  500) Moving average loss: 0.29448, metric: 0.29448
10-28 12:18 INFO     [xla:8](  500) Moving average loss: 0.29505, metric: 0.29505
10-28 12:18 INFO     [xla:3](  500) Moving average loss: 0.30510, metric: 0.30510
10-28 12:18 INFO     [xla:1](  500) Moving average loss: 0.29547, metric: 0.29547
10-28 12:28 INFO     [xla:5]( 1000) Moving average loss: 0.11830, metric: 0.11830
10-28 12:28 INFO     [xla:2]( 1000) Moving average loss: 0.12065, metric: 0.12065
10-28 12:28 INFO     [xla:4]( 1000) Moving average loss: 0.11910, metric: 0.11910
10-28 12:28 INFO     [xla:8]( 1000) Moving average loss: 0.11988, metric: 0.11988
10-28 12:28 INFO     [xla:6]( 1000) Moving average loss: 0.11370, metric: 0.11370
10-28 12:28 INFO     [xla:3]( 1000) Moving average loss: 0.11229, metric: 0.11229
10-28 12:28 INFO     [xla:1]( 1000) Moving average loss: 0.12147, metric: 0.12147
10-28 12:28 INFO     [xla:7]( 1000) Moving average loss: 0.11708, metric: 0.11708
10-28 12:38 INFO     [xla:8]( 1500) Moving average loss: 0.09421, metric: 0.09421
10-28 12:38 INFO     [xla:5]( 1500) Moving average loss: 0.09707, metric: 0.09707
10-28 12:38 INFO     [xla:2]( 1500) Moving average loss: 0.09353, metric: 0.09353
10-28 12:38 INFO     [xla:6]( 1500) Moving average loss: 0.09881, metric: 0.09881
10-28 12:38 INFO     [xla:3]( 1500) Moving average loss: 0.10048, metric: 0.10048
10-28 12:38 INFO     [xla:1]( 1500) Moving average loss: 0.09522, metric: 0.09522
10-28 12:38 INFO     [xla:7]( 1500) Moving average loss: 0.09836, metric: 0.09836
10-28 12:38 INFO     [xla:4]( 1500) Moving average loss: 0.09840, metric: 0.09840
10-28 12:48 INFO     [xla:7]( 2000) Moving average loss: 0.08527, metric: 0.08527
10-28 12:48 INFO     [xla:4]( 2000) Moving average loss: 0.09131, metric: 0.09131
10-28 12:48 INFO     [xla:2]( 2000) Moving average loss: 0.08986, metric: 0.08986
10-28 12:48 INFO     [xla:1]( 2000) Moving average loss: 0.08831, metric: 0.08831
10-28 12:48 INFO     [xla:8]( 2000) Moving average loss: 0.08848, metric: 0.08848
10-28 12:48 INFO     [xla:3]( 2000) Moving average loss: 0.09173, metric: 0.09173
10-28 12:48 INFO     [xla:5]( 2000) Moving average loss: 0.09018, metric: 0.09018
10-28 12:48 INFO     [xla:6]( 2000) Moving average loss: 0.09118, metric: 0.09118
10-28 12:58 INFO     [xla:7]( 2500) Moving average loss: 0.08338, metric: 0.08338
10-28 12:58 INFO     [xla:8]( 2500) Moving average loss: 0.08601, metric: 0.08601
10-28 12:58 INFO     [xla:1]( 2500) Moving average loss: 0.08669, metric: 0.08669
10-28 12:58 INFO     [xla:5]( 2500) Moving average loss: 0.08715, metric: 0.08715
10-28 12:58 INFO     [xla:3]( 2500) Moving average loss: 0.08271, metric: 0.08271
10-28 12:58 INFO     [xla:4]( 2500) Moving average loss: 0.08853, metric: 0.08853
10-28 12:58 INFO     [xla:6]( 2500) Moving average loss: 0.08472, metric: 0.08472
10-28 12:58 INFO     [xla:2]( 2500) Moving average loss: 0.08912, metric: 0.08912
10-28 13:07 INFO     [xla:7]( 3000) Moving average loss: 0.07938, metric: 0.07938
10-28 13:07 INFO     [xla:5]( 3000) Moving average loss: 0.08374, metric: 0.08374
10-28 13:07 INFO     [xla:6]( 3000) Moving average loss: 0.07584, metric: 0.07584
10-28 13:07 INFO     [xla:8]( 3000) Moving average loss: 0.08126, metric: 0.08126
10-28 13:07 INFO     [xla:1]( 3000) Moving average loss: 0.08105, metric: 0.08105
10-28 13:07 INFO     [xla:2]( 3000) Moving average loss: 0.07922, metric: 0.07922
10-28 13:07 INFO     [xla:3]( 3000) Moving average loss: 0.08242, metric: 0.08242
10-28 13:07 INFO     [xla:4]( 3000) Moving average loss: 0.08488, metric: 0.08488
10-28 13:17 INFO     [xla:1]( 3500) Moving average loss: 0.08192, metric: 0.08192
10-28 13:17 INFO     [xla:6]( 3500) Moving average loss: 0.08017, metric: 0.08017
10-28 13:17 INFO     [xla:5]( 3500) Moving average loss: 0.07828, metric: 0.07828
10-28 13:17 INFO     [xla:7]( 3500) Moving average loss: 0.08090, metric: 0.08090
10-28 13:17 INFO     [xla:4]( 3500) Moving average loss: 0.07692, metric: 0.07692
10-28 13:17 INFO     [xla:3]( 3500) Moving average loss: 0.08198, metric: 0.08198
10-28 13:17 INFO     [xla:2]( 3500) Moving average loss: 0.07830, metric: 0.07830
10-28 13:17 INFO     [xla:8]( 3500) Moving average loss: 0.07703, metric: 0.07703
10-28 13:27 INFO     [xla:8]( 4000) Moving average loss: 0.07863, metric: 0.07863
10-28 13:27 INFO     [xla:4]( 4000) Moving average loss: 0.07314, metric: 0.07314
10-28 13:27 INFO     [xla:6]( 4000) Moving average loss: 0.07925, metric: 0.07925
10-28 13:27 INFO     [xla:1]( 4000) Moving average loss: 0.08043, metric: 0.08043
10-28 13:27 INFO     [xla:2]( 4000) Moving average loss: 0.07844, metric: 0.07844
10-28 13:27 INFO     [xla:7]( 4000) Moving average loss: 0.08280, metric: 0.08280
10-28 13:27 INFO     [xla:3]( 4000) Moving average loss: 0.07691, metric: 0.07691
10-28 13:27 INFO     [xla:5]( 4000) Moving average loss: 0.08052, metric: 0.08052
10-28 13:37 INFO     [xla:7]( 4500) Moving average loss: 0.07237, metric: 0.07237
10-28 13:37 INFO     [xla:5]( 4500) Moving average loss: 0.08091, metric: 0.08091
10-28 13:37 INFO     [xla:1]( 4500) Moving average loss: 0.07787, metric: 0.07787
10-28 13:37 INFO     [xla:6]( 4500) Moving average loss: 0.08025, metric: 0.08025
10-28 13:37 INFO     [xla:2]( 4500) Moving average loss: 0.07950, metric: 0.07950
10-28 13:37 INFO     [xla:8]( 4500) Moving average loss: 0.07679, metric: 0.07679
10-28 13:37 INFO     [xla:4]( 4500) Moving average loss: 0.07723, metric: 0.07723
10-28 13:37 INFO     [xla:3]( 4500) Moving average loss: 0.07505, metric: 0.07505
10-28 13:47 INFO     [xla:8]( 5000) Moving average loss: 0.07955, metric: 0.07955
10-28 13:47 INFO     [xla:7]( 5000) Moving average loss: 0.07992, metric: 0.07992
10-28 13:47 INFO     [xla:4]( 5000) Moving average loss: 0.07523, metric: 0.07523
10-28 13:47 INFO     [xla:6]( 5000) Moving average loss: 0.07366, metric: 0.07366
10-28 13:47 INFO     [xla:2]( 5000) Moving average loss: 0.08053, metric: 0.08053
10-28 13:47 INFO     [xla:5]( 5000) Moving average loss: 0.07672, metric: 0.07672
10-28 13:47 INFO     [xla:1]( 5000) Moving average loss: 0.07820, metric: 0.07820
10-28 13:47 INFO     [xla:3]( 5000) Moving average loss: 0.07152, metric: 0.07152
10-28 13:52 INFO     
10-28 13:52 INFO     Epoch training time: 105.96 minutes

10-28 13:52 INFO     [xla:7](    0) Moving average loss: 0.08587, metric: 0.08587
10-28 13:52 INFO     [xla:5](    0) Moving average loss: 0.02316, metric: 0.02316
10-28 13:52 INFO     [xla:6](    0) Moving average loss: 0.10497, metric: 0.10497
10-28 13:52 INFO     [xla:4](    0) Moving average loss: 0.06820, metric: 0.06820
10-28 13:52 INFO     [xla:2](    0) Moving average loss: 0.03001, metric: 0.03001
10-28 13:52 INFO     [xla:8](    0) Moving average loss: 0.04365, metric: 0.04365
10-28 13:52 INFO     [xla:1](    0) Moving average loss: 0.13798, metric: 0.13798
10-28 13:52 INFO     [xla:3](    0) Moving average loss: 0.03444, metric: 0.03444
10-28 14:02 INFO     [xla:1](  500) Moving average loss: 0.06748, metric: 0.06748
10-28 14:02 INFO     [xla:6](  500) Moving average loss: 0.06511, metric: 0.06511
10-28 14:02 INFO     [xla:8](  500) Moving average loss: 0.06864, metric: 0.06864
10-28 14:02 INFO     [xla:4](  500) Moving average loss: 0.06537, metric: 0.06537
10-28 14:02 INFO     [xla:2](  500) Moving average loss: 0.06840, metric: 0.06840
10-28 14:02 INFO     [xla:3](  500) Moving average loss: 0.07252, metric: 0.07252
10-28 14:02 INFO     [xla:7](  500) Moving average loss: 0.06656, metric: 0.06656
10-28 14:02 INFO     [xla:5](  500) Moving average loss: 0.07182, metric: 0.07182
10-28 14:13 INFO     [xla:2]( 1000) Moving average loss: 0.06669, metric: 0.06669
10-28 14:13 INFO     [xla:8]( 1000) Moving average loss: 0.06332, metric: 0.06332
10-28 14:13 INFO     [xla:3]( 1000) Moving average loss: 0.06287, metric: 0.06287
10-28 14:13 INFO     [xla:4]( 1000) Moving average loss: 0.06587, metric: 0.06587
10-28 14:13 INFO     [xla:7]( 1000) Moving average loss: 0.05871, metric: 0.05871
10-28 14:13 INFO     [xla:5]( 1000) Moving average loss: 0.06454, metric: 0.06454
10-28 14:13 INFO     [xla:1]( 1000) Moving average loss: 0.06590, metric: 0.06590
10-28 14:13 INFO     [xla:6]( 1000) Moving average loss: 0.06683, metric: 0.06683
10-28 14:23 INFO     [xla:3]( 1500) Moving average loss: 0.06524, metric: 0.06524
10-28 14:23 INFO     [xla:5]( 1500) Moving average loss: 0.06393, metric: 0.06393
10-28 14:23 INFO     [xla:1]( 1500) Moving average loss: 0.06263, metric: 0.06263
10-28 14:23 INFO     [xla:8]( 1500) Moving average loss: 0.05934, metric: 0.05934
10-28 14:23 INFO     [xla:2]( 1500) Moving average loss: 0.06338, metric: 0.06338
10-28 14:23 INFO     [xla:4]( 1500) Moving average loss: 0.06288, metric: 0.06288
10-28 14:23 INFO     [xla:6]( 1500) Moving average loss: 0.06408, metric: 0.06408
10-28 14:23 INFO     [xla:7]( 1500) Moving average loss: 0.06518, metric: 0.06518
10-28 14:33 INFO     [xla:5]( 2000) Moving average loss: 0.06659, metric: 0.06659
10-28 14:33 INFO     [xla:6]( 2000) Moving average loss: 0.06289, metric: 0.06289
10-28 14:33 INFO     [xla:3]( 2000) Moving average loss: 0.06418, metric: 0.06418
10-28 14:33 INFO     [xla:4]( 2000) Moving average loss: 0.06396, metric: 0.06396
10-28 14:33 INFO     [xla:8]( 2000) Moving average loss: 0.06025, metric: 0.06025
10-28 14:33 INFO     [xla:2]( 2000) Moving average loss: 0.06621, metric: 0.06621
10-28 14:33 INFO     [xla:7]( 2000) Moving average loss: 0.06109, metric: 0.06109
10-28 14:33 INFO     [xla:1]( 2000) Moving average loss: 0.06551, metric: 0.06551
10-28 14:43 INFO     [xla:7]( 2500) Moving average loss: 0.06494, metric: 0.06494
10-28 14:43 INFO     [xla:4]( 2500) Moving average loss: 0.06680, metric: 0.06680
10-28 14:43 INFO     [xla:5]( 2500) Moving average loss: 0.06156, metric: 0.06156
10-28 14:43 INFO     [xla:6]( 2500) Moving average loss: 0.06440, metric: 0.06440
10-28 14:43 INFO     [xla:8]( 2500) Moving average loss: 0.06614, metric: 0.06614
10-28 14:43 INFO     [xla:2]( 2500) Moving average loss: 0.06197, metric: 0.06197
10-28 14:43 INFO     [xla:3]( 2500) Moving average loss: 0.06504, metric: 0.06504
10-28 14:43 INFO     [xla:1]( 2500) Moving average loss: 0.06683, metric: 0.06683
10-28 14:54 INFO     [xla:1]( 3000) Moving average loss: 0.06426, metric: 0.06426
10-28 14:54 INFO     [xla:5]( 3000) Moving average loss: 0.06460, metric: 0.06460
10-28 14:54 INFO     [xla:3]( 3000) Moving average loss: 0.06124, metric: 0.06124
10-28 14:54 INFO     [xla:6]( 3000) Moving average loss: 0.06260, metric: 0.06260
10-28 14:54 INFO     [xla:8]( 3000) Moving average loss: 0.06534, metric: 0.06534
10-28 14:54 INFO     [xla:4]( 3000) Moving average loss: 0.06284, metric: 0.06284
10-28 14:54 INFO     [xla:7]( 3000) Moving average loss: 0.06296, metric: 0.06296
10-28 14:54 INFO     [xla:2]( 3000) Moving average loss: 0.06613, metric: 0.06613
10-28 15:04 INFO     [xla:6]( 3500) Moving average loss: 0.06221, metric: 0.06221
10-28 15:04 INFO     [xla:4]( 3500) Moving average loss: 0.05958, metric: 0.05958
10-28 15:04 INFO     [xla:5]( 3500) Moving average loss: 0.06398, metric: 0.06398
10-28 15:04 INFO     [xla:7]( 3500) Moving average loss: 0.05982, metric: 0.05982
10-28 15:04 INFO     [xla:8]( 3500) Moving average loss: 0.05970, metric: 0.05970
10-28 15:04 INFO     [xla:3]( 3500) Moving average loss: 0.06537, metric: 0.06537
10-28 15:04 INFO     [xla:2]( 3500) Moving average loss: 0.06124, metric: 0.06124
10-28 15:04 INFO     [xla:1]( 3500) Moving average loss: 0.06197, metric: 0.06197
10-28 15:14 INFO     [xla:8]( 4000) Moving average loss: 0.06420, metric: 0.06420
10-28 15:14 INFO     [xla:5]( 4000) Moving average loss: 0.06112, metric: 0.06112
10-28 15:14 INFO     [xla:6]( 4000) Moving average loss: 0.06306, metric: 0.06306
10-28 15:14 INFO     [xla:4]( 4000) Moving average loss: 0.06617, metric: 0.06617
10-28 15:14 INFO     [xla:2]( 4000) Moving average loss: 0.06382, metric: 0.06382
10-28 15:14 INFO     [xla:3]( 4000) Moving average loss: 0.06230, metric: 0.06230
10-28 15:14 INFO     [xla:7]( 4000) Moving average loss: 0.05985, metric: 0.05985
10-28 15:14 INFO     [xla:1]( 4000) Moving average loss: 0.05928, metric: 0.05928
10-28 15:25 INFO     [xla:5]( 4500) Moving average loss: 0.06317, metric: 0.06317
10-28 15:25 INFO     [xla:7]( 4500) Moving average loss: 0.05660, metric: 0.05660
10-28 15:25 INFO     [xla:2]( 4500) Moving average loss: 0.06563, metric: 0.06563
10-28 15:25 INFO     [xla:6]( 4500) Moving average loss: 0.06138, metric: 0.06138
10-28 15:25 INFO     [xla:1]( 4500) Moving average loss: 0.06299, metric: 0.06299
10-28 15:25 INFO     [xla:3]( 4500) Moving average loss: 0.06067, metric: 0.06067
10-28 15:25 INFO     [xla:4]( 4500) Moving average loss: 0.06396, metric: 0.06396
10-28 15:25 INFO     [xla:8]( 4500) Moving average loss: 0.06104, metric: 0.06104
10-28 15:35 INFO     [xla:5]( 5000) Moving average loss: 0.06218, metric: 0.06218
10-28 15:35 INFO     [xla:1]( 5000) Moving average loss: 0.06062, metric: 0.06062
10-28 15:35 INFO     [xla:7]( 5000) Moving average loss: 0.06202, metric: 0.06202
10-28 15:35 INFO     [xla:2]( 5000) Moving average loss: 0.06344, metric: 0.06344
10-28 15:35 INFO     [xla:6]( 5000) Moving average loss: 0.06415, metric: 0.06415
10-28 15:35 INFO     [xla:8]( 5000) Moving average loss: 0.06112, metric: 0.06112
10-28 15:35 INFO     [xla:4]( 5000) Moving average loss: 0.06061, metric: 0.06061
10-28 15:35 INFO     [xla:3]( 5000) Moving average loss: 0.06315, metric: 0.06315
10-28 15:40 INFO     
10-28 15:40 INFO     Epoch training time: 108.19 minutes

10-28 15:41 INFO     [xla:3](    0) Moving average loss: 0.00912, metric: 0.00912
10-28 15:41 INFO     [xla:1](    0) Moving average loss: 0.02975, metric: 0.02975
10-28 15:41 INFO     [xla:6](    0) Moving average loss: 0.06121, metric: 0.06121
10-28 15:41 INFO     [xla:7](    0) Moving average loss: 0.05888, metric: 0.05888
10-28 15:41 INFO     [xla:2](    0) Moving average loss: 0.01305, metric: 0.01305
10-28 15:41 INFO     [xla:8](    0) Moving average loss: 0.11349, metric: 0.11349
10-28 15:41 INFO     [xla:4](    0) Moving average loss: 0.08066, metric: 0.08066
10-28 15:41 INFO     [xla:5](    0) Moving average loss: 0.00559, metric: 0.00559
10-28 15:51 INFO     [xla:2](  500) Moving average loss: 0.06166, metric: 0.06166
10-28 15:51 INFO     [xla:6](  500) Moving average loss: 0.05738, metric: 0.05738
10-28 15:51 INFO     [xla:5](  500) Moving average loss: 0.05936, metric: 0.05936
10-28 15:51 INFO     [xla:8](  500) Moving average loss: 0.05771, metric: 0.05771
10-28 15:51 INFO     [xla:7](  500) Moving average loss: 0.05167, metric: 0.05167
10-28 15:51 INFO     [xla:1](  500) Moving average loss: 0.05632, metric: 0.05632
10-28 15:51 INFO     [xla:3](  500) Moving average loss: 0.05718, metric: 0.05718
10-28 15:51 INFO     [xla:4](  500) Moving average loss: 0.05693, metric: 0.05693
10-28 16:01 INFO     [xla:2]( 1000) Moving average loss: 0.05815, metric: 0.05815
10-28 16:01 INFO     [xla:7]( 1000) Moving average loss: 0.05912, metric: 0.05912
10-28 16:01 INFO     [xla:3]( 1000) Moving average loss: 0.05423, metric: 0.05423
10-28 16:01 INFO     [xla:8]( 1000) Moving average loss: 0.05430, metric: 0.05430
10-28 16:01 INFO     [xla:6]( 1000) Moving average loss: 0.05090, metric: 0.05090
10-28 16:01 INFO     [xla:4]( 1000) Moving average loss: 0.05403, metric: 0.05403
10-28 16:01 INFO     [xla:5]( 1000) Moving average loss: 0.05646, metric: 0.05646
10-28 16:01 INFO     [xla:1]( 1000) Moving average loss: 0.05642, metric: 0.05642
10-28 16:12 INFO     [xla:6]( 1500) Moving average loss: 0.05507, metric: 0.05507
10-28 16:12 INFO     [xla:4]( 1500) Moving average loss: 0.05318, metric: 0.05318
10-28 16:12 INFO     [xla:3]( 1500) Moving average loss: 0.05825, metric: 0.05825
10-28 16:12 INFO     [xla:7]( 1500) Moving average loss: 0.05797, metric: 0.05797
10-28 16:12 INFO     [xla:5]( 1500) Moving average loss: 0.05296, metric: 0.05296
10-28 16:12 INFO     [xla:8]( 1500) Moving average loss: 0.05746, metric: 0.05746
10-28 16:12 INFO     [xla:2]( 1500) Moving average loss: 0.05377, metric: 0.05377
10-28 16:12 INFO     [xla:1]( 1500) Moving average loss: 0.05310, metric: 0.05310
10-28 16:22 INFO     [xla:7]( 2000) Moving average loss: 0.05750, metric: 0.05750
10-28 16:22 INFO     [xla:5]( 2000) Moving average loss: 0.05844, metric: 0.05844
10-28 16:22 INFO     [xla:2]( 2000) Moving average loss: 0.05260, metric: 0.05260
10-28 16:22 INFO     [xla:3]( 2000) Moving average loss: 0.05020, metric: 0.05020
10-28 16:22 INFO     [xla:6]( 2000) Moving average loss: 0.05404, metric: 0.05404
10-28 16:22 INFO     [xla:4]( 2000) Moving average loss: 0.05371, metric: 0.05371
10-28 16:22 INFO     [xla:8]( 2000) Moving average loss: 0.05634, metric: 0.05634
10-28 16:22 INFO     [xla:1]( 2000) Moving average loss: 0.05627, metric: 0.05627
10-28 16:32 INFO     [xla:7]( 2500) Moving average loss: 0.05105, metric: 0.05105
10-28 16:32 INFO     [xla:6]( 2500) Moving average loss: 0.05325, metric: 0.05325
10-28 16:32 INFO     [xla:1]( 2500) Moving average loss: 0.05124, metric: 0.05124
10-28 16:32 INFO     [xla:4]( 2500) Moving average loss: 0.05293, metric: 0.05293
10-28 16:32 INFO     [xla:5]( 2500) Moving average loss: 0.05237, metric: 0.05237
10-28 16:32 INFO     [xla:2]( 2500) Moving average loss: 0.05873, metric: 0.05873
10-28 16:32 INFO     [xla:3]( 2500) Moving average loss: 0.05409, metric: 0.05409
10-28 16:32 INFO     [xla:8]( 2500) Moving average loss: 0.05665, metric: 0.05665
10-28 16:43 INFO     [xla:1]( 3000) Moving average loss: 0.05186, metric: 0.05186
10-28 16:43 INFO     [xla:7]( 3000) Moving average loss: 0.05716, metric: 0.05716
10-28 16:43 INFO     [xla:6]( 3000) Moving average loss: 0.05463, metric: 0.05463
10-28 16:43 INFO     [xla:2]( 3000) Moving average loss: 0.05398, metric: 0.05398
10-28 16:43 INFO     [xla:5]( 3000) Moving average loss: 0.05392, metric: 0.05392
10-28 16:43 INFO     [xla:3]( 3000) Moving average loss: 0.05650, metric: 0.05650
10-28 16:43 INFO     [xla:8]( 3000) Moving average loss: 0.05465, metric: 0.05465
10-28 16:43 INFO     [xla:4]( 3000) Moving average loss: 0.05756, metric: 0.05756
10-28 16:53 INFO     [xla:8]( 3500) Moving average loss: 0.05358, metric: 0.05358
10-28 16:53 INFO     [xla:3]( 3500) Moving average loss: 0.05596, metric: 0.05596
10-28 16:53 INFO     [xla:1]( 3500) Moving average loss: 0.05497, metric: 0.05497
10-28 16:53 INFO     [xla:4]( 3500) Moving average loss: 0.05634, metric: 0.05634
10-28 16:53 INFO     [xla:5]( 3500) Moving average loss: 0.05470, metric: 0.05470
10-28 16:53 INFO     [xla:7]( 3500) Moving average loss: 0.05849, metric: 0.05849
10-28 16:53 INFO     [xla:2]( 3500) Moving average loss: 0.05282, metric: 0.05282
10-28 16:53 INFO     [xla:6]( 3500) Moving average loss: 0.05415, metric: 0.05415
10-28 17:04 INFO     [xla:8]( 4000) Moving average loss: 0.05671, metric: 0.05671
10-28 17:04 INFO     [xla:7]( 4000) Moving average loss: 0.05399, metric: 0.05399
10-28 17:04 INFO     [xla:1]( 4000) Moving average loss: 0.05400, metric: 0.05400
10-28 17:04 INFO     [xla:6]( 4000) Moving average loss: 0.05513, metric: 0.05513
10-28 17:04 INFO     [xla:5]( 4000) Moving average loss: 0.05501, metric: 0.05501
10-28 17:04 INFO     [xla:4]( 4000) Moving average loss: 0.05353, metric: 0.05353
10-28 17:04 INFO     [xla:2]( 4000) Moving average loss: 0.05690, metric: 0.05690
10-28 17:04 INFO     [xla:3]( 4000) Moving average loss: 0.05342, metric: 0.05342
10-28 17:14 INFO     [xla:1]( 4500) Moving average loss: 0.05598, metric: 0.05598
10-28 17:14 INFO     [xla:5]( 4500) Moving average loss: 0.05583, metric: 0.05583
10-28 17:14 INFO     [xla:2]( 4500) Moving average loss: 0.05810, metric: 0.05810
10-28 17:14 INFO     [xla:3]( 4500) Moving average loss: 0.05469, metric: 0.05469
10-28 17:14 INFO     [xla:6]( 4500) Moving average loss: 0.05555, metric: 0.05555
10-28 17:14 INFO     [xla:4]( 4500) Moving average loss: 0.05458, metric: 0.05458
10-28 17:14 INFO     [xla:8]( 4500) Moving average loss: 0.05638, metric: 0.05638
10-28 17:14 INFO     [xla:7]( 4500) Moving average loss: 0.05399, metric: 0.05399
10-28 17:24 INFO     [xla:1]( 5000) Moving average loss: 0.05468, metric: 0.05468
10-28 17:24 INFO     [xla:8]( 5000) Moving average loss: 0.05066, metric: 0.05066
10-28 17:24 INFO     [xla:2]( 5000) Moving average loss: 0.05292, metric: 0.05292
10-28 17:24 INFO     [xla:6]( 5000) Moving average loss: 0.05289, metric: 0.05289
10-28 17:24 INFO     [xla:3]( 5000) Moving average loss: 0.05475, metric: 0.05475
10-28 17:24 INFO     [xla:4]( 5000) Moving average loss: 0.05113, metric: 0.05113
10-28 17:24 INFO     [xla:7]( 5000) Moving average loss: 0.04961, metric: 0.04961
10-28 17:24 INFO     [xla:5]( 5000) Moving average loss: 0.05490, metric: 0.05490
10-28 17:30 INFO     
10-28 17:30 INFO     Epoch training time: 109.20 minutes

10-28 17:30 INFO     [xla:5](    0) Moving average loss: 0.03752, metric: 0.03752
10-28 17:30 INFO     [xla:2](    0) Moving average loss: 0.06065, metric: 0.06065
10-28 17:30 INFO     [xla:7](    0) Moving average loss: 0.04220, metric: 0.04220
10-28 17:30 INFO     [xla:1](    0) Moving average loss: 0.09203, metric: 0.09203
10-28 17:30 INFO     [xla:6](    0) Moving average loss: 0.01769, metric: 0.01769
10-28 17:30 INFO     [xla:4](    0) Moving average loss: 0.04307, metric: 0.04307
10-28 17:30 INFO     [xla:3](    0) Moving average loss: 0.18332, metric: 0.18332
10-28 17:30 INFO     [xla:8](    0) Moving average loss: 0.04157, metric: 0.04157
10-28 17:40 INFO     [xla:6](  500) Moving average loss: 0.05249, metric: 0.05249
10-28 17:40 INFO     [xla:8](  500) Moving average loss: 0.05070, metric: 0.05070
10-28 17:40 INFO     [xla:5](  500) Moving average loss: 0.05203, metric: 0.05203
10-28 17:40 INFO     [xla:7](  500) Moving average loss: 0.05356, metric: 0.05356
10-28 17:40 INFO     [xla:1](  500) Moving average loss: 0.05232, metric: 0.05232
10-28 17:40 INFO     [xla:3](  500) Moving average loss: 0.04930, metric: 0.04930
10-28 17:40 INFO     [xla:4](  500) Moving average loss: 0.04936, metric: 0.04936
10-28 17:40 INFO     [xla:2](  500) Moving average loss: 0.04900, metric: 0.04900
10-28 17:50 INFO     [xla:4]( 1000) Moving average loss: 0.04738, metric: 0.04738
10-28 17:50 INFO     [xla:8]( 1000) Moving average loss: 0.05528, metric: 0.05528
10-28 17:50 INFO     [xla:1]( 1000) Moving average loss: 0.05271, metric: 0.05271
10-28 17:50 INFO     [xla:6]( 1000) Moving average loss: 0.05464, metric: 0.05464
10-28 17:50 INFO     [xla:3]( 1000) Moving average loss: 0.05116, metric: 0.05116
10-28 17:50 INFO     [xla:5]( 1000) Moving average loss: 0.05135, metric: 0.05135
10-28 17:50 INFO     [xla:2]( 1000) Moving average loss: 0.05527, metric: 0.05527
10-28 17:50 INFO     [xla:7]( 1000) Moving average loss: 0.05158, metric: 0.05158
10-28 18:01 INFO     [xla:7]( 1500) Moving average loss: 0.05374, metric: 0.05374
10-28 18:01 INFO     [xla:4]( 1500) Moving average loss: 0.05066, metric: 0.05066
10-28 18:01 INFO     [xla:1]( 1500) Moving average loss: 0.05518, metric: 0.05518
10-28 18:01 INFO     [xla:8]( 1500) Moving average loss: 0.05318, metric: 0.05318
10-28 18:01 INFO     [xla:5]( 1500) Moving average loss: 0.05099, metric: 0.05099
10-28 18:01 INFO     [xla:3]( 1500) Moving average loss: 0.05529, metric: 0.05529
10-28 18:01 INFO     [xla:6]( 1500) Moving average loss: 0.05250, metric: 0.05250
10-28 18:01 INFO     [xla:2]( 1500) Moving average loss: 0.05209, metric: 0.05209
10-28 18:11 INFO     [xla:2]( 2000) Moving average loss: 0.05552, metric: 0.05552
10-28 18:11 INFO     [xla:6]( 2000) Moving average loss: 0.05682, metric: 0.05682
10-28 18:11 INFO     [xla:8]( 2000) Moving average loss: 0.05105, metric: 0.05105
10-28 18:11 INFO     [xla:1]( 2000) Moving average loss: 0.04976, metric: 0.04976
10-28 18:11 INFO     [xla:7]( 2000) Moving average loss: 0.05142, metric: 0.05142
10-28 18:11 INFO     [xla:5]( 2000) Moving average loss: 0.05036, metric: 0.05036
10-28 18:11 INFO     [xla:4]( 2000) Moving average loss: 0.05532, metric: 0.05532
10-28 18:11 INFO     [xla:3]( 2000) Moving average loss: 0.05002, metric: 0.05002
10-28 18:21 INFO     [xla:2]( 2500) Moving average loss: 0.04958, metric: 0.04958
10-28 18:21 INFO     [xla:6]( 2500) Moving average loss: 0.04986, metric: 0.04986
10-28 18:21 INFO     [xla:4]( 2500) Moving average loss: 0.05464, metric: 0.05464
10-28 18:21 INFO     [xla:3]( 2500) Moving average loss: 0.05227, metric: 0.05227
10-28 18:21 INFO     [xla:1]( 2500) Moving average loss: 0.05134, metric: 0.05134
10-28 18:21 INFO     [xla:5]( 2500) Moving average loss: 0.05420, metric: 0.05420
10-28 18:21 INFO     [xla:8]( 2500) Moving average loss: 0.05310, metric: 0.05310
10-28 18:21 INFO     [xla:7]( 2500) Moving average loss: 0.05147, metric: 0.05147
10-28 18:32 INFO     [xla:6]( 3000) Moving average loss: 0.04974, metric: 0.04974
10-28 18:32 INFO     [xla:4]( 3000) Moving average loss: 0.05023, metric: 0.05023
10-28 18:32 INFO     [xla:1]( 3000) Moving average loss: 0.05117, metric: 0.05117
10-28 18:32 INFO     [xla:3]( 3000) Moving average loss: 0.04961, metric: 0.04961
10-28 18:32 INFO     [xla:2]( 3000) Moving average loss: 0.05388, metric: 0.05388
10-28 18:32 INFO     [xla:7]( 3000) Moving average loss: 0.04970, metric: 0.04970
10-28 18:32 INFO     [xla:5]( 3000) Moving average loss: 0.05338, metric: 0.05338
10-28 18:32 INFO     [xla:8]( 3000) Moving average loss: 0.05281, metric: 0.05281
10-28 18:42 INFO     [xla:7]( 3500) Moving average loss: 0.04975, metric: 0.04975
10-28 18:42 INFO     [xla:1]( 3500) Moving average loss: 0.05000, metric: 0.05000
10-28 18:42 INFO     [xla:6]( 3500) Moving average loss: 0.05133, metric: 0.05133
10-28 18:42 INFO     [xla:2]( 3500) Moving average loss: 0.04946, metric: 0.04946
10-28 18:42 INFO     [xla:4]( 3500) Moving average loss: 0.04795, metric: 0.04795
10-28 18:42 INFO     [xla:8]( 3500) Moving average loss: 0.05246, metric: 0.05246
10-28 18:42 INFO     [xla:5]( 3500) Moving average loss: 0.04750, metric: 0.04750
10-28 18:42 INFO     [xla:3]( 3500) Moving average loss: 0.05326, metric: 0.05326
10-28 18:52 INFO     [xla:5]( 4000) Moving average loss: 0.05398, metric: 0.05398
10-28 18:52 INFO     [xla:4]( 4000) Moving average loss: 0.05244, metric: 0.05244
10-28 18:52 INFO     [xla:7]( 4000) Moving average loss: 0.05057, metric: 0.05057
10-28 18:52 INFO     [xla:3]( 4000) Moving average loss: 0.05193, metric: 0.05193
10-28 18:52 INFO     [xla:1]( 4000) Moving average loss: 0.05054, metric: 0.05054
10-28 18:52 INFO     [xla:2]( 4000) Moving average loss: 0.05333, metric: 0.05333
10-28 18:52 INFO     [xla:6]( 4000) Moving average loss: 0.05086, metric: 0.05086
10-28 18:52 INFO     [xla:8]( 4000) Moving average loss: 0.05514, metric: 0.05514
10-28 19:03 INFO     [xla:8]( 4500) Moving average loss: 0.05508, metric: 0.05508
10-28 19:03 INFO     [xla:2]( 4500) Moving average loss: 0.05540, metric: 0.05540
10-28 19:03 INFO     [xla:1]( 4500) Moving average loss: 0.05540, metric: 0.05540
10-28 19:03 INFO     [xla:7]( 4500) Moving average loss: 0.05096, metric: 0.05096
10-28 19:03 INFO     [xla:4]( 4500) Moving average loss: 0.05368, metric: 0.05368
10-28 19:03 INFO     [xla:6]( 4500) Moving average loss: 0.04893, metric: 0.04893
10-28 19:03 INFO     [xla:3]( 4500) Moving average loss: 0.04777, metric: 0.04777
10-28 19:03 INFO     [xla:5]( 4500) Moving average loss: 0.05254, metric: 0.05254
10-28 19:13 INFO     [xla:5]( 5000) Moving average loss: 0.05257, metric: 0.05257
10-28 19:13 INFO     [xla:6]( 5000) Moving average loss: 0.05455, metric: 0.05455
10-28 19:13 INFO     [xla:8]( 5000) Moving average loss: 0.05093, metric: 0.05093
10-28 19:13 INFO     [xla:3]( 5000) Moving average loss: 0.05247, metric: 0.05247
10-28 19:13 INFO     [xla:1]( 5000) Moving average loss: 0.05370, metric: 0.05370
10-28 19:13 INFO     [xla:7]( 5000) Moving average loss: 0.05259, metric: 0.05259
10-28 19:13 INFO     [xla:4]( 5000) Moving average loss: 0.05353, metric: 0.05353
10-28 19:13 INFO     [xla:2]( 5000) Moving average loss: 0.05096, metric: 0.05096
10-28 19:18 INFO     
10-28 19:18 INFO     Epoch training time: 108.90 minutes

10-28 19:19 INFO     
10-28 19:19 INFO     Model saved
10-28 19:19 INFO     
